<?xml version="1.0" encoding="UTF-8"?>
<!-- Generated by org.testng.reporters.JUnitReportReporter -->
<testsuite hostname="nI-holmes.local" name="testingautomation.SSO" tests="1" failures="0" timestamp="14 Aug 2014 19:08:32 GMT" time="26.276" errors="0">
  <testcase name="sso" time="26.276" classname="testingautomation.SSO"/>
</testsuite> <!-- testingautomation.SSO -->
