<?xml version="1.0" encoding="UTF-8"?>
<!-- Generated by org.testng.reporters.JUnitReportReporter -->
<testsuite hostname="Gabriel-Holmes-MacBook-Pro.local" name="testingautomation.PhotoUpload" tests="1" failures="0" timestamp="12 May 2014 15:08:48 GMT" time="14.291" errors="0">
  <testcase name="photoUpload" time="14.291" classname="testingautomation.PhotoUpload"/>
</testsuite> <!-- testingautomation.PhotoUpload -->
