<?xml version="1.0" encoding="UTF-8"?>
<!-- Generated by org.testng.reporters.JUnitReportReporter -->
<testsuite hostname="nI-holmes.local" name="testingautomation.Application" tests="1" failures="0" timestamp="10 Dec 2014 22:44:55 GMT" time="41.646" errors="0">
  <testcase name="apply" time="41.646" classname="testingautomation.Application"/>
</testsuite> <!-- testingautomation.Application -->
