<?xml version="1.0" encoding="UTF-8"?>
<!-- Generated by org.testng.reporters.JUnitReportReporter -->
<testsuite hostname="nI-holmes.local" name="testingautomation.Events" tests="1" failures="0" timestamp="11 Dec 2014 18:40:45 GMT" time="14.390" errors="0">
  <testcase name="apply" time="14.390" classname="testingautomation.Events"/>
</testsuite> <!-- testingautomation.Events -->
