<?xml version="1.0" encoding="UTF-8"?>
<!-- Generated by org.testng.reporters.JUnitReportReporter -->
<testsuite hostname="nI-holmes.local" name="testingautomation.AddVenue" tests="1" failures="0" timestamp="11 Dec 2014 18:27:35 GMT" time="17.006" errors="0">
  <testcase name="addCost" time="17.006" classname="testingautomation.AddVenue"/>
</testsuite> <!-- testingautomation.AddVenue -->
