<?xml version="1.0" encoding="UTF-8"?>
<!-- Generated by org.testng.reporters.JUnitReportReporter -->
<testsuite hostname="nI-holmes.local" name="testingautomation.AddValue" tests="1" failures="0" timestamp="11 Dec 2014 18:40:44 GMT" time="15.172" errors="0">
  <testcase name="addCost" time="15.172" classname="testingautomation.AddValue"/>
</testsuite> <!-- testingautomation.AddValue -->
